PLUMED: PLUMED is starting
PLUMED: Version: 2.7.0 (git: Unknown) compiled on Feb 13 2021 at 17:03:12
PLUMED: Please cite these papers when using PLUMED [1][2]
PLUMED: For further information see the PLUMED web page at http://www.plumed.org
PLUMED: Root: /usr/local/lib/plumed
PLUMED: For installed feature, see /usr/local/lib/plumed/src/config/config.txt
PLUMED: Molecular dynamics engine: LangevinIntegrators
PLUMED: Precision of reals: 8
PLUMED: Running over 1 node
PLUMED: Number of threads: 1
PLUMED: Cache line size: 512
PLUMED: Number of atoms: 2
PLUMED: File suffix: 
PLUMED: FILE: test_plumed.dat
PLUMED: 
PLUMED: 
PLUMED: ################################################################################
PLUMED: 
PLUMED: 
PLUMED: +++ PLUMED error
PLUMED: +++ at IFile.cpp:113, function virtual PLMD::IFile& PLMD::IFile::open(const string&)
PLUMED: +++ assertion failed: do_exist
PLUMED: +++ message follows +++
PLUMED: file test_plumed.dat cannot be found
PLUMED: 
PLUMED: ################################################################################
PLUMED: 
